[2024-12-23T05:52:02.650+0000] {local_task_job_runner.py:120} INFO - ::group::Pre task execution logs
[2024-12-23T05:52:02.676+0000] {taskinstance.py:2076} INFO - Dependencies all met for dep_context=non-requeueable deps ti=<TaskInstance: upload_location_data.get_airplane_data scheduled__2024-12-23T05:50:00+00:00 [queued]>
[2024-12-23T05:52:02.685+0000] {taskinstance.py:2076} INFO - Dependencies all met for dep_context=requeueable deps ti=<TaskInstance: upload_location_data.get_airplane_data scheduled__2024-12-23T05:50:00+00:00 [queued]>
[2024-12-23T05:52:02.685+0000] {taskinstance.py:2306} INFO - Starting attempt 1 of 2
[2024-12-23T05:52:02.700+0000] {taskinstance.py:2330} INFO - Executing <Task(PythonOperator): get_airplane_data> on 2024-12-23 05:50:00+00:00
[2024-12-23T05:52:02.716+0000] {warnings.py:110} WARNING - /home/***/.local/lib/python3.12/site-packages/***/task/task_runner/standard_task_runner.py:61: DeprecationWarning: This process (pid=4387) is multi-threaded, use of fork() may lead to deadlocks in the child.
  pid = os.fork()

[2024-12-23T05:52:02.720+0000] {standard_task_runner.py:63} INFO - Started process 4389 to run task
[2024-12-23T05:52:02.719+0000] {standard_task_runner.py:90} INFO - Running: ['***', 'tasks', 'run', 'upload_location_data', 'get_airplane_data', 'scheduled__2024-12-23T05:50:00+00:00', '--job-id', '24', '--raw', '--subdir', 'DAGS_FOLDER/dag_get_current_location.py', '--cfg-path', '/tmp/tmprrj_58xh']
[2024-12-23T05:52:02.722+0000] {standard_task_runner.py:91} INFO - Job 24: Subtask get_airplane_data
[2024-12-23T05:52:02.784+0000] {task_command.py:426} INFO - Running <TaskInstance: upload_location_data.get_airplane_data scheduled__2024-12-23T05:50:00+00:00 [running]> on host d64a5d849547
[2024-12-23T05:52:02.900+0000] {taskinstance.py:2648} INFO - Exporting env vars: AIRFLOW_CTX_DAG_OWNER='***' AIRFLOW_CTX_DAG_ID='upload_location_data' AIRFLOW_CTX_TASK_ID='get_airplane_data' AIRFLOW_CTX_EXECUTION_DATE='2024-12-23T05:50:00+00:00' AIRFLOW_CTX_TRY_NUMBER='1' AIRFLOW_CTX_DAG_RUN_ID='scheduled__2024-12-23T05:50:00+00:00'
[2024-12-23T05:52:02.901+0000] {taskinstance.py:430} INFO - ::endgroup::
[2024-12-23T05:52:04.359+0000] {python.py:237} INFO - Done. Returned value was:       icao24  callsign  ... position_source            createAt
0     4b1816  SWR1PM    ...               0 2024-12-23 05:52:01
1     4b1818  SWR237    ...               0 2024-12-23 05:52:01
2     80162a  IGO7304   ...               0 2024-12-23 05:52:01
3     408120  VIR118    ...               0 2024-12-23 05:52:01
4     88044a  AIQ513    ...               0 2024-12-23 05:52:01
...      ...       ...  ...             ...                 ...
4769  a0c7b3  ABX3151   ...               0 2024-12-23 05:52:01
4770  7808f3  CSC8703   ...               0 2024-12-23 05:52:01
4771  0ac9c3  AVA023    ...               0 2024-12-23 05:52:01
4772  a41b89  DAL825    ...               0 2024-12-23 05:52:01
4773  c00734  WJA598    ...               0 2024-12-23 05:52:01

[4774 rows x 18 columns]
[2024-12-23T05:52:04.408+0000] {taskinstance.py:441} INFO - ::group::Post task execution logs
[2024-12-23T05:52:04.517+0000] {taskinstance.py:1206} INFO - Marking task as SUCCESS. dag_id=upload_location_data, task_id=get_airplane_data, run_id=scheduled__2024-12-23T05:50:00+00:00, execution_date=20241223T055000, start_date=20241223T055202, end_date=20241223T055204
[2024-12-23T05:52:04.587+0000] {local_task_job_runner.py:240} INFO - Task exited with return code 0
[2024-12-23T05:52:04.631+0000] {taskinstance.py:3498} INFO - 1 downstream tasks scheduled from follow-on schedule check
[2024-12-23T05:52:04.633+0000] {local_task_job_runner.py:222} INFO - ::endgroup::
