[2024-12-23T05:40:34.685+0000] {processor.py:161} INFO - Started process (PID=38247) to work on /opt/airflow/dags/dag_get_current_location.py
[2024-12-23T05:40:34.686+0000] {processor.py:830} INFO - Processing file /opt/airflow/dags/dag_get_current_location.py for tasks to queue
[2024-12-23T05:40:34.688+0000] {logging_mixin.py:188} INFO - [2024-12-23T05:40:34.688+0000] {dagbag.py:545} INFO - Filling up the DagBag from /opt/airflow/dags/dag_get_current_location.py
[2024-12-23T05:40:36.564+0000] {processor.py:840} INFO - DAG(s) 'upload_location_data' retrieved from /opt/airflow/dags/dag_get_current_location.py
[2024-12-23T05:40:36.691+0000] {logging_mixin.py:188} INFO - [2024-12-23T05:40:36.690+0000] {override.py:1829} INFO - Created Permission View: can edit on DAG:upload_location_data
[2024-12-23T05:40:36.703+0000] {logging_mixin.py:188} INFO - [2024-12-23T05:40:36.702+0000] {override.py:1829} INFO - Created Permission View: can delete on DAG:upload_location_data
[2024-12-23T05:40:36.711+0000] {logging_mixin.py:188} INFO - [2024-12-23T05:40:36.710+0000] {override.py:1829} INFO - Created Permission View: can read on DAG:upload_location_data
[2024-12-23T05:40:36.712+0000] {logging_mixin.py:188} INFO - [2024-12-23T05:40:36.711+0000] {dag.py:3096} INFO - Sync 1 DAGs
[2024-12-23T05:40:36.724+0000] {logging_mixin.py:188} INFO - [2024-12-23T05:40:36.724+0000] {dag.py:3118} INFO - Creating ORM DAG for upload_location_data
[2024-12-23T05:40:36.736+0000] {logging_mixin.py:188} INFO - [2024-12-23T05:40:36.736+0000] {dag.py:3954} INFO - Setting next_dagrun for upload_location_data to 2024-12-23 05:38:00+00:00, run_after=2024-12-23 05:40:00+00:00
[2024-12-23T05:40:36.758+0000] {processor.py:183} INFO - Processing /opt/airflow/dags/dag_get_current_location.py took 2.080 seconds
[2024-12-23T05:41:06.867+0000] {processor.py:161} INFO - Started process (PID=38308) to work on /opt/airflow/dags/dag_get_current_location.py
[2024-12-23T05:41:06.869+0000] {processor.py:830} INFO - Processing file /opt/airflow/dags/dag_get_current_location.py for tasks to queue
[2024-12-23T05:41:06.871+0000] {logging_mixin.py:188} INFO - [2024-12-23T05:41:06.871+0000] {dagbag.py:545} INFO - Filling up the DagBag from /opt/airflow/dags/dag_get_current_location.py
[2024-12-23T05:41:07.745+0000] {processor.py:840} INFO - DAG(s) 'upload_location_data' retrieved from /opt/airflow/dags/dag_get_current_location.py
[2024-12-23T05:41:07.763+0000] {logging_mixin.py:188} INFO - [2024-12-23T05:41:07.763+0000] {dag.py:3096} INFO - Sync 1 DAGs
[2024-12-23T05:41:07.786+0000] {logging_mixin.py:188} INFO - [2024-12-23T05:41:07.786+0000] {dag.py:3954} INFO - Setting next_dagrun for upload_location_data to 2024-12-23 05:38:00+00:00, run_after=2024-12-23 05:40:00+00:00
[2024-12-23T05:41:07.806+0000] {processor.py:183} INFO - Processing /opt/airflow/dags/dag_get_current_location.py took 0.951 seconds
[2024-12-23T05:41:38.365+0000] {processor.py:161} INFO - Started process (PID=38369) to work on /opt/airflow/dags/dag_get_current_location.py
[2024-12-23T05:41:38.366+0000] {processor.py:830} INFO - Processing file /opt/airflow/dags/dag_get_current_location.py for tasks to queue
[2024-12-23T05:41:38.368+0000] {logging_mixin.py:188} INFO - [2024-12-23T05:41:38.368+0000] {dagbag.py:545} INFO - Filling up the DagBag from /opt/airflow/dags/dag_get_current_location.py
[2024-12-23T05:41:39.234+0000] {processor.py:840} INFO - DAG(s) 'upload_location_data' retrieved from /opt/airflow/dags/dag_get_current_location.py
[2024-12-23T05:41:39.252+0000] {logging_mixin.py:188} INFO - [2024-12-23T05:41:39.252+0000] {dag.py:3096} INFO - Sync 1 DAGs
[2024-12-23T05:41:39.274+0000] {logging_mixin.py:188} INFO - [2024-12-23T05:41:39.274+0000] {dag.py:3954} INFO - Setting next_dagrun for upload_location_data to 2024-12-23 05:38:00+00:00, run_after=2024-12-23 05:40:00+00:00
[2024-12-23T05:41:39.293+0000] {processor.py:183} INFO - Processing /opt/airflow/dags/dag_get_current_location.py took 0.935 seconds
[2024-12-23T05:42:10.080+0000] {processor.py:161} INFO - Started process (PID=38430) to work on /opt/airflow/dags/dag_get_current_location.py
[2024-12-23T05:42:10.081+0000] {processor.py:830} INFO - Processing file /opt/airflow/dags/dag_get_current_location.py for tasks to queue
[2024-12-23T05:42:10.083+0000] {logging_mixin.py:188} INFO - [2024-12-23T05:42:10.083+0000] {dagbag.py:545} INFO - Filling up the DagBag from /opt/airflow/dags/dag_get_current_location.py
[2024-12-23T05:42:10.956+0000] {processor.py:840} INFO - DAG(s) 'upload_location_data' retrieved from /opt/airflow/dags/dag_get_current_location.py
[2024-12-23T05:42:10.977+0000] {logging_mixin.py:188} INFO - [2024-12-23T05:42:10.976+0000] {dag.py:3096} INFO - Sync 1 DAGs
[2024-12-23T05:42:10.999+0000] {logging_mixin.py:188} INFO - [2024-12-23T05:42:10.998+0000] {dag.py:3954} INFO - Setting next_dagrun for upload_location_data to 2024-12-23 05:40:00+00:00, run_after=2024-12-23 05:42:00+00:00
[2024-12-23T05:42:11.018+0000] {processor.py:183} INFO - Processing /opt/airflow/dags/dag_get_current_location.py took 0.945 seconds
[2024-12-23T05:42:41.446+0000] {processor.py:161} INFO - Started process (PID=38491) to work on /opt/airflow/dags/dag_get_current_location.py
[2024-12-23T05:42:41.447+0000] {processor.py:830} INFO - Processing file /opt/airflow/dags/dag_get_current_location.py for tasks to queue
[2024-12-23T05:42:41.449+0000] {logging_mixin.py:188} INFO - [2024-12-23T05:42:41.449+0000] {dagbag.py:545} INFO - Filling up the DagBag from /opt/airflow/dags/dag_get_current_location.py
[2024-12-23T05:42:42.298+0000] {processor.py:840} INFO - DAG(s) 'upload_location_data' retrieved from /opt/airflow/dags/dag_get_current_location.py
[2024-12-23T05:42:42.318+0000] {logging_mixin.py:188} INFO - [2024-12-23T05:42:42.317+0000] {dag.py:3096} INFO - Sync 1 DAGs
[2024-12-23T05:42:42.339+0000] {logging_mixin.py:188} INFO - [2024-12-23T05:42:42.339+0000] {dag.py:3954} INFO - Setting next_dagrun for upload_location_data to 2024-12-23 05:40:00+00:00, run_after=2024-12-23 05:42:00+00:00
[2024-12-23T05:42:42.357+0000] {processor.py:183} INFO - Processing /opt/airflow/dags/dag_get_current_location.py took 0.918 seconds
[2024-12-23T05:43:12.724+0000] {processor.py:161} INFO - Started process (PID=38552) to work on /opt/airflow/dags/dag_get_current_location.py
[2024-12-23T05:43:12.725+0000] {processor.py:830} INFO - Processing file /opt/airflow/dags/dag_get_current_location.py for tasks to queue
[2024-12-23T05:43:12.727+0000] {logging_mixin.py:188} INFO - [2024-12-23T05:43:12.727+0000] {dagbag.py:545} INFO - Filling up the DagBag from /opt/airflow/dags/dag_get_current_location.py
[2024-12-23T05:43:13.607+0000] {processor.py:840} INFO - DAG(s) 'upload_location_data' retrieved from /opt/airflow/dags/dag_get_current_location.py
[2024-12-23T05:43:13.627+0000] {logging_mixin.py:188} INFO - [2024-12-23T05:43:13.626+0000] {dag.py:3096} INFO - Sync 1 DAGs
[2024-12-23T05:43:13.648+0000] {logging_mixin.py:188} INFO - [2024-12-23T05:43:13.648+0000] {dag.py:3954} INFO - Setting next_dagrun for upload_location_data to 2024-12-23 05:40:00+00:00, run_after=2024-12-23 05:42:00+00:00
[2024-12-23T05:43:13.666+0000] {processor.py:183} INFO - Processing /opt/airflow/dags/dag_get_current_location.py took 0.950 seconds
[2024-12-23T05:43:44.328+0000] {processor.py:161} INFO - Started process (PID=38613) to work on /opt/airflow/dags/dag_get_current_location.py
[2024-12-23T05:43:44.332+0000] {processor.py:830} INFO - Processing file /opt/airflow/dags/dag_get_current_location.py for tasks to queue
[2024-12-23T05:43:44.343+0000] {logging_mixin.py:188} INFO - [2024-12-23T05:43:44.334+0000] {dagbag.py:545} INFO - Filling up the DagBag from /opt/airflow/dags/dag_get_current_location.py
[2024-12-23T05:43:46.153+0000] {processor.py:840} INFO - DAG(s) 'upload_location_data' retrieved from /opt/airflow/dags/dag_get_current_location.py
[2024-12-23T05:43:46.175+0000] {logging_mixin.py:188} INFO - [2024-12-23T05:43:46.175+0000] {dag.py:3096} INFO - Sync 1 DAGs
[2024-12-23T05:43:46.199+0000] {logging_mixin.py:188} INFO - [2024-12-23T05:43:46.198+0000] {dag.py:3954} INFO - Setting next_dagrun for upload_location_data to 2024-12-23 05:42:00+00:00, run_after=2024-12-23 05:44:00+00:00
[2024-12-23T05:43:46.304+0000] {processor.py:183} INFO - Processing /opt/airflow/dags/dag_get_current_location.py took 2.005 seconds
[2024-12-23T05:44:16.667+0000] {processor.py:161} INFO - Started process (PID=38676) to work on /opt/airflow/dags/dag_get_current_location.py
[2024-12-23T05:44:16.671+0000] {processor.py:830} INFO - Processing file /opt/airflow/dags/dag_get_current_location.py for tasks to queue
[2024-12-23T05:44:16.674+0000] {logging_mixin.py:188} INFO - [2024-12-23T05:44:16.674+0000] {dagbag.py:545} INFO - Filling up the DagBag from /opt/airflow/dags/dag_get_current_location.py
[2024-12-23T05:44:17.746+0000] {processor.py:840} INFO - DAG(s) 'upload_location_data' retrieved from /opt/airflow/dags/dag_get_current_location.py
[2024-12-23T05:44:17.765+0000] {logging_mixin.py:188} INFO - [2024-12-23T05:44:17.765+0000] {dag.py:3096} INFO - Sync 1 DAGs
[2024-12-23T05:44:17.789+0000] {logging_mixin.py:188} INFO - [2024-12-23T05:44:17.789+0000] {dag.py:3954} INFO - Setting next_dagrun for upload_location_data to 2024-12-23 05:44:00+00:00, run_after=2024-12-23 05:46:00+00:00
[2024-12-23T05:44:17.807+0000] {processor.py:183} INFO - Processing /opt/airflow/dags/dag_get_current_location.py took 1.147 seconds
[2024-12-23T05:44:47.881+0000] {processor.py:161} INFO - Started process (PID=38738) to work on /opt/airflow/dags/dag_get_current_location.py
[2024-12-23T05:44:47.882+0000] {processor.py:830} INFO - Processing file /opt/airflow/dags/dag_get_current_location.py for tasks to queue
[2024-12-23T05:44:47.884+0000] {logging_mixin.py:188} INFO - [2024-12-23T05:44:47.884+0000] {dagbag.py:545} INFO - Filling up the DagBag from /opt/airflow/dags/dag_get_current_location.py
[2024-12-23T05:44:48.770+0000] {processor.py:840} INFO - DAG(s) 'upload_location_data' retrieved from /opt/airflow/dags/dag_get_current_location.py
[2024-12-23T05:44:48.789+0000] {logging_mixin.py:188} INFO - [2024-12-23T05:44:48.788+0000] {dag.py:3096} INFO - Sync 1 DAGs
[2024-12-23T05:44:48.811+0000] {logging_mixin.py:188} INFO - [2024-12-23T05:44:48.810+0000] {dag.py:3954} INFO - Setting next_dagrun for upload_location_data to 2024-12-23 05:44:00+00:00, run_after=2024-12-23 05:46:00+00:00
[2024-12-23T05:44:48.832+0000] {processor.py:183} INFO - Processing /opt/airflow/dags/dag_get_current_location.py took 0.958 seconds
[2024-12-23T05:45:18.905+0000] {processor.py:161} INFO - Started process (PID=38799) to work on /opt/airflow/dags/dag_get_current_location.py
[2024-12-23T05:45:18.906+0000] {processor.py:830} INFO - Processing file /opt/airflow/dags/dag_get_current_location.py for tasks to queue
[2024-12-23T05:45:18.908+0000] {logging_mixin.py:188} INFO - [2024-12-23T05:45:18.908+0000] {dagbag.py:545} INFO - Filling up the DagBag from /opt/airflow/dags/dag_get_current_location.py
[2024-12-23T05:45:19.797+0000] {processor.py:840} INFO - DAG(s) 'upload_location_data' retrieved from /opt/airflow/dags/dag_get_current_location.py
[2024-12-23T05:45:19.817+0000] {logging_mixin.py:188} INFO - [2024-12-23T05:45:19.816+0000] {dag.py:3096} INFO - Sync 1 DAGs
[2024-12-23T05:45:19.839+0000] {logging_mixin.py:188} INFO - [2024-12-23T05:45:19.839+0000] {dag.py:3954} INFO - Setting next_dagrun for upload_location_data to 2024-12-23 05:44:00+00:00, run_after=2024-12-23 05:46:00+00:00
[2024-12-23T05:45:19.859+0000] {processor.py:183} INFO - Processing /opt/airflow/dags/dag_get_current_location.py took 0.962 seconds
[2024-12-23T05:45:50.172+0000] {processor.py:161} INFO - Started process (PID=38861) to work on /opt/airflow/dags/dag_get_current_location.py
[2024-12-23T05:45:50.173+0000] {processor.py:830} INFO - Processing file /opt/airflow/dags/dag_get_current_location.py for tasks to queue
[2024-12-23T05:45:50.175+0000] {logging_mixin.py:188} INFO - [2024-12-23T05:45:50.174+0000] {dagbag.py:545} INFO - Filling up the DagBag from /opt/airflow/dags/dag_get_current_location.py
[2024-12-23T05:45:51.061+0000] {processor.py:840} INFO - DAG(s) 'upload_location_data' retrieved from /opt/airflow/dags/dag_get_current_location.py
[2024-12-23T05:45:51.080+0000] {logging_mixin.py:188} INFO - [2024-12-23T05:45:51.079+0000] {dag.py:3096} INFO - Sync 1 DAGs
[2024-12-23T05:45:51.103+0000] {logging_mixin.py:188} INFO - [2024-12-23T05:45:51.102+0000] {dag.py:3954} INFO - Setting next_dagrun for upload_location_data to 2024-12-23 05:44:00+00:00, run_after=2024-12-23 05:46:00+00:00
[2024-12-23T05:45:51.122+0000] {processor.py:183} INFO - Processing /opt/airflow/dags/dag_get_current_location.py took 0.958 seconds
[2024-12-23T05:46:21.630+0000] {processor.py:161} INFO - Started process (PID=38923) to work on /opt/airflow/dags/dag_get_current_location.py
[2024-12-23T05:46:21.633+0000] {processor.py:830} INFO - Processing file /opt/airflow/dags/dag_get_current_location.py for tasks to queue
[2024-12-23T05:46:21.636+0000] {logging_mixin.py:188} INFO - [2024-12-23T05:46:21.636+0000] {dagbag.py:545} INFO - Filling up the DagBag from /opt/airflow/dags/dag_get_current_location.py
[2024-12-23T05:46:22.567+0000] {processor.py:840} INFO - DAG(s) 'upload_location_data' retrieved from /opt/airflow/dags/dag_get_current_location.py
[2024-12-23T05:46:22.586+0000] {logging_mixin.py:188} INFO - [2024-12-23T05:46:22.586+0000] {dag.py:3096} INFO - Sync 1 DAGs
[2024-12-23T05:46:22.609+0000] {logging_mixin.py:188} INFO - [2024-12-23T05:46:22.609+0000] {dag.py:3954} INFO - Setting next_dagrun for upload_location_data to 2024-12-23 05:46:00+00:00, run_after=2024-12-23 05:48:00+00:00
[2024-12-23T05:46:22.627+0000] {processor.py:183} INFO - Processing /opt/airflow/dags/dag_get_current_location.py took 1.004 seconds
[2024-12-23T05:46:35.545+0000] {processor.py:161} INFO - Started process (PID=38966) to work on /opt/airflow/dags/dag_get_current_location.py
[2024-12-23T05:46:35.547+0000] {processor.py:830} INFO - Processing file /opt/airflow/dags/dag_get_current_location.py for tasks to queue
[2024-12-23T05:46:35.552+0000] {logging_mixin.py:188} INFO - [2024-12-23T05:46:35.552+0000] {dagbag.py:545} INFO - Filling up the DagBag from /opt/airflow/dags/dag_get_current_location.py
[2024-12-23T05:46:36.803+0000] {processor.py:840} INFO - DAG(s) 'upload_location_data' retrieved from /opt/airflow/dags/dag_get_current_location.py
[2024-12-23T05:46:36.916+0000] {logging_mixin.py:188} INFO - [2024-12-23T05:46:36.915+0000] {dag.py:3096} INFO - Sync 1 DAGs
[2024-12-23T05:46:36.938+0000] {logging_mixin.py:188} INFO - [2024-12-23T05:46:36.938+0000] {dag.py:3954} INFO - Setting next_dagrun for upload_location_data to 2024-12-23 05:46:00+00:00, run_after=2024-12-23 05:48:00+00:00
[2024-12-23T05:46:36.958+0000] {processor.py:183} INFO - Processing /opt/airflow/dags/dag_get_current_location.py took 1.429 seconds
[2024-12-23T05:46:46.271+0000] {processor.py:161} INFO - Started process (PID=38983) to work on /opt/airflow/dags/dag_get_current_location.py
[2024-12-23T05:46:46.272+0000] {processor.py:830} INFO - Processing file /opt/airflow/dags/dag_get_current_location.py for tasks to queue
[2024-12-23T05:46:46.274+0000] {logging_mixin.py:188} INFO - [2024-12-23T05:46:46.274+0000] {dagbag.py:545} INFO - Filling up the DagBag from /opt/airflow/dags/dag_get_current_location.py
[2024-12-23T05:46:47.151+0000] {processor.py:840} INFO - DAG(s) 'upload_location_data' retrieved from /opt/airflow/dags/dag_get_current_location.py
[2024-12-23T05:46:47.163+0000] {logging_mixin.py:188} INFO - [2024-12-23T05:46:47.162+0000] {dag.py:3096} INFO - Sync 1 DAGs
[2024-12-23T05:46:47.187+0000] {logging_mixin.py:188} INFO - [2024-12-23T05:46:47.187+0000] {dag.py:3954} INFO - Setting next_dagrun for upload_location_data to 2024-12-23 05:46:00+00:00, run_after=2024-12-23 05:48:00+00:00
[2024-12-23T05:46:47.207+0000] {processor.py:183} INFO - Processing /opt/airflow/dags/dag_get_current_location.py took 0.944 seconds
[2024-12-23T05:47:14.857+0000] {processor.py:161} INFO - Started process (PID=39044) to work on /opt/airflow/dags/dag_get_current_location.py
[2024-12-23T05:47:14.859+0000] {processor.py:830} INFO - Processing file /opt/airflow/dags/dag_get_current_location.py for tasks to queue
[2024-12-23T05:47:14.861+0000] {logging_mixin.py:188} INFO - [2024-12-23T05:47:14.860+0000] {dagbag.py:545} INFO - Filling up the DagBag from /opt/airflow/dags/dag_get_current_location.py
[2024-12-23T05:47:15.729+0000] {processor.py:840} INFO - DAG(s) 'upload_location_data' retrieved from /opt/airflow/dags/dag_get_current_location.py
[2024-12-23T05:47:15.748+0000] {logging_mixin.py:188} INFO - [2024-12-23T05:47:15.748+0000] {dag.py:3096} INFO - Sync 1 DAGs
[2024-12-23T05:47:15.772+0000] {logging_mixin.py:188} INFO - [2024-12-23T05:47:15.771+0000] {dag.py:3954} INFO - Setting next_dagrun for upload_location_data to 2024-12-23 05:46:00+00:00, run_after=2024-12-23 05:48:00+00:00
[2024-12-23T05:47:15.792+0000] {processor.py:183} INFO - Processing /opt/airflow/dags/dag_get_current_location.py took 0.942 seconds
[2024-12-23T05:47:45.883+0000] {processor.py:161} INFO - Started process (PID=39105) to work on /opt/airflow/dags/dag_get_current_location.py
[2024-12-23T05:47:45.884+0000] {processor.py:830} INFO - Processing file /opt/airflow/dags/dag_get_current_location.py for tasks to queue
[2024-12-23T05:47:45.886+0000] {logging_mixin.py:188} INFO - [2024-12-23T05:47:45.886+0000] {dagbag.py:545} INFO - Filling up the DagBag from /opt/airflow/dags/dag_get_current_location.py
[2024-12-23T05:47:46.779+0000] {processor.py:840} INFO - DAG(s) 'upload_location_data' retrieved from /opt/airflow/dags/dag_get_current_location.py
[2024-12-23T05:47:46.799+0000] {logging_mixin.py:188} INFO - [2024-12-23T05:47:46.798+0000] {dag.py:3096} INFO - Sync 1 DAGs
[2024-12-23T05:47:46.821+0000] {logging_mixin.py:188} INFO - [2024-12-23T05:47:46.821+0000] {dag.py:3954} INFO - Setting next_dagrun for upload_location_data to 2024-12-23 05:46:00+00:00, run_after=2024-12-23 05:48:00+00:00
[2024-12-23T05:47:46.840+0000] {processor.py:183} INFO - Processing /opt/airflow/dags/dag_get_current_location.py took 0.964 seconds
[2024-12-23T05:48:17.569+0000] {processor.py:161} INFO - Started process (PID=39165) to work on /opt/airflow/dags/dag_get_current_location.py
[2024-12-23T05:48:17.574+0000] {processor.py:830} INFO - Processing file /opt/airflow/dags/dag_get_current_location.py for tasks to queue
[2024-12-23T05:48:17.577+0000] {logging_mixin.py:188} INFO - [2024-12-23T05:48:17.577+0000] {dagbag.py:545} INFO - Filling up the DagBag from /opt/airflow/dags/dag_get_current_location.py
[2024-12-23T05:48:18.503+0000] {processor.py:840} INFO - DAG(s) 'upload_location_data' retrieved from /opt/airflow/dags/dag_get_current_location.py
[2024-12-23T05:48:18.522+0000] {logging_mixin.py:188} INFO - [2024-12-23T05:48:18.521+0000] {dag.py:3096} INFO - Sync 1 DAGs
[2024-12-23T05:48:18.544+0000] {logging_mixin.py:188} INFO - [2024-12-23T05:48:18.544+0000] {dag.py:3954} INFO - Setting next_dagrun for upload_location_data to 2024-12-23 05:48:00+00:00, run_after=2024-12-23 05:50:00+00:00
[2024-12-23T05:48:18.570+0000] {processor.py:183} INFO - Processing /opt/airflow/dags/dag_get_current_location.py took 1.015 seconds
[2024-12-23T05:48:48.688+0000] {processor.py:161} INFO - Started process (PID=39226) to work on /opt/airflow/dags/dag_get_current_location.py
[2024-12-23T05:48:48.689+0000] {processor.py:830} INFO - Processing file /opt/airflow/dags/dag_get_current_location.py for tasks to queue
[2024-12-23T05:48:48.691+0000] {logging_mixin.py:188} INFO - [2024-12-23T05:48:48.690+0000] {dagbag.py:545} INFO - Filling up the DagBag from /opt/airflow/dags/dag_get_current_location.py
[2024-12-23T05:48:49.551+0000] {processor.py:840} INFO - DAG(s) 'upload_location_data' retrieved from /opt/airflow/dags/dag_get_current_location.py
[2024-12-23T05:48:49.569+0000] {logging_mixin.py:188} INFO - [2024-12-23T05:48:49.568+0000] {dag.py:3096} INFO - Sync 1 DAGs
[2024-12-23T05:48:49.591+0000] {logging_mixin.py:188} INFO - [2024-12-23T05:48:49.590+0000] {dag.py:3954} INFO - Setting next_dagrun for upload_location_data to 2024-12-23 05:48:00+00:00, run_after=2024-12-23 05:50:00+00:00
[2024-12-23T05:48:49.608+0000] {processor.py:183} INFO - Processing /opt/airflow/dags/dag_get_current_location.py took 0.928 seconds
[2024-12-23T05:49:20.505+0000] {processor.py:161} INFO - Started process (PID=39287) to work on /opt/airflow/dags/dag_get_current_location.py
[2024-12-23T05:49:20.506+0000] {processor.py:830} INFO - Processing file /opt/airflow/dags/dag_get_current_location.py for tasks to queue
[2024-12-23T05:49:20.509+0000] {logging_mixin.py:188} INFO - [2024-12-23T05:49:20.508+0000] {dagbag.py:545} INFO - Filling up the DagBag from /opt/airflow/dags/dag_get_current_location.py
[2024-12-23T05:49:21.387+0000] {processor.py:840} INFO - DAG(s) 'upload_location_data' retrieved from /opt/airflow/dags/dag_get_current_location.py
[2024-12-23T05:49:21.404+0000] {logging_mixin.py:188} INFO - [2024-12-23T05:49:21.403+0000] {dag.py:3096} INFO - Sync 1 DAGs
[2024-12-23T05:49:21.426+0000] {logging_mixin.py:188} INFO - [2024-12-23T05:49:21.426+0000] {dag.py:3954} INFO - Setting next_dagrun for upload_location_data to 2024-12-23 05:48:00+00:00, run_after=2024-12-23 05:50:00+00:00
[2024-12-23T05:49:21.445+0000] {processor.py:183} INFO - Processing /opt/airflow/dags/dag_get_current_location.py took 0.948 seconds
[2024-12-23T05:49:51.685+0000] {processor.py:161} INFO - Started process (PID=39348) to work on /opt/airflow/dags/dag_get_current_location.py
[2024-12-23T05:49:51.686+0000] {processor.py:830} INFO - Processing file /opt/airflow/dags/dag_get_current_location.py for tasks to queue
[2024-12-23T05:49:51.688+0000] {logging_mixin.py:188} INFO - [2024-12-23T05:49:51.688+0000] {dagbag.py:545} INFO - Filling up the DagBag from /opt/airflow/dags/dag_get_current_location.py
[2024-12-23T05:49:52.557+0000] {processor.py:840} INFO - DAG(s) 'upload_location_data' retrieved from /opt/airflow/dags/dag_get_current_location.py
[2024-12-23T05:49:52.575+0000] {logging_mixin.py:188} INFO - [2024-12-23T05:49:52.575+0000] {dag.py:3096} INFO - Sync 1 DAGs
[2024-12-23T05:49:52.597+0000] {logging_mixin.py:188} INFO - [2024-12-23T05:49:52.597+0000] {dag.py:3954} INFO - Setting next_dagrun for upload_location_data to 2024-12-23 05:48:00+00:00, run_after=2024-12-23 05:50:00+00:00
[2024-12-23T05:49:52.615+0000] {processor.py:183} INFO - Processing /opt/airflow/dags/dag_get_current_location.py took 0.941 seconds
[2024-12-23T05:50:23.072+0000] {processor.py:161} INFO - Started process (PID=39411) to work on /opt/airflow/dags/dag_get_current_location.py
[2024-12-23T05:50:23.075+0000] {processor.py:830} INFO - Processing file /opt/airflow/dags/dag_get_current_location.py for tasks to queue
[2024-12-23T05:50:23.077+0000] {logging_mixin.py:188} INFO - [2024-12-23T05:50:23.077+0000] {dagbag.py:545} INFO - Filling up the DagBag from /opt/airflow/dags/dag_get_current_location.py
[2024-12-23T05:50:23.958+0000] {processor.py:840} INFO - DAG(s) 'upload_location_data' retrieved from /opt/airflow/dags/dag_get_current_location.py
[2024-12-23T05:50:23.978+0000] {logging_mixin.py:188} INFO - [2024-12-23T05:50:23.977+0000] {dag.py:3096} INFO - Sync 1 DAGs
[2024-12-23T05:50:24.002+0000] {logging_mixin.py:188} INFO - [2024-12-23T05:50:24.002+0000] {dag.py:3954} INFO - Setting next_dagrun for upload_location_data to 2024-12-23 05:50:00+00:00, run_after=2024-12-23 05:52:00+00:00
[2024-12-23T05:50:24.022+0000] {processor.py:183} INFO - Processing /opt/airflow/dags/dag_get_current_location.py took 0.958 seconds
[2024-12-23T05:50:54.573+0000] {processor.py:161} INFO - Started process (PID=39473) to work on /opt/airflow/dags/dag_get_current_location.py
[2024-12-23T05:50:54.574+0000] {processor.py:830} INFO - Processing file /opt/airflow/dags/dag_get_current_location.py for tasks to queue
[2024-12-23T05:50:54.577+0000] {logging_mixin.py:188} INFO - [2024-12-23T05:50:54.576+0000] {dagbag.py:545} INFO - Filling up the DagBag from /opt/airflow/dags/dag_get_current_location.py
[2024-12-23T05:50:55.453+0000] {processor.py:840} INFO - DAG(s) 'upload_location_data' retrieved from /opt/airflow/dags/dag_get_current_location.py
[2024-12-23T05:50:55.473+0000] {logging_mixin.py:188} INFO - [2024-12-23T05:50:55.472+0000] {dag.py:3096} INFO - Sync 1 DAGs
[2024-12-23T05:50:55.497+0000] {logging_mixin.py:188} INFO - [2024-12-23T05:50:55.497+0000] {dag.py:3954} INFO - Setting next_dagrun for upload_location_data to 2024-12-23 05:50:00+00:00, run_after=2024-12-23 05:52:00+00:00
[2024-12-23T05:50:55.516+0000] {processor.py:183} INFO - Processing /opt/airflow/dags/dag_get_current_location.py took 0.954 seconds
[2024-12-23T05:51:25.886+0000] {processor.py:161} INFO - Started process (PID=39535) to work on /opt/airflow/dags/dag_get_current_location.py
[2024-12-23T05:51:25.887+0000] {processor.py:830} INFO - Processing file /opt/airflow/dags/dag_get_current_location.py for tasks to queue
[2024-12-23T05:51:25.889+0000] {logging_mixin.py:188} INFO - [2024-12-23T05:51:25.889+0000] {dagbag.py:545} INFO - Filling up the DagBag from /opt/airflow/dags/dag_get_current_location.py
[2024-12-23T05:51:26.824+0000] {processor.py:840} INFO - DAG(s) 'upload_location_data' retrieved from /opt/airflow/dags/dag_get_current_location.py
[2024-12-23T05:51:26.842+0000] {logging_mixin.py:188} INFO - [2024-12-23T05:51:26.842+0000] {dag.py:3096} INFO - Sync 1 DAGs
[2024-12-23T05:51:26.863+0000] {logging_mixin.py:188} INFO - [2024-12-23T05:51:26.863+0000] {dag.py:3954} INFO - Setting next_dagrun for upload_location_data to 2024-12-23 05:50:00+00:00, run_after=2024-12-23 05:52:00+00:00
[2024-12-23T05:51:26.891+0000] {processor.py:183} INFO - Processing /opt/airflow/dags/dag_get_current_location.py took 1.020 seconds
[2024-12-23T05:51:57.405+0000] {processor.py:161} INFO - Started process (PID=39596) to work on /opt/airflow/dags/dag_get_current_location.py
[2024-12-23T05:51:57.408+0000] {processor.py:830} INFO - Processing file /opt/airflow/dags/dag_get_current_location.py for tasks to queue
[2024-12-23T05:51:57.411+0000] {logging_mixin.py:188} INFO - [2024-12-23T05:51:57.409+0000] {dagbag.py:545} INFO - Filling up the DagBag from /opt/airflow/dags/dag_get_current_location.py
[2024-12-23T05:51:58.311+0000] {processor.py:840} INFO - DAG(s) 'upload_location_data' retrieved from /opt/airflow/dags/dag_get_current_location.py
[2024-12-23T05:51:58.330+0000] {logging_mixin.py:188} INFO - [2024-12-23T05:51:58.329+0000] {dag.py:3096} INFO - Sync 1 DAGs
[2024-12-23T05:51:58.352+0000] {logging_mixin.py:188} INFO - [2024-12-23T05:51:58.351+0000] {dag.py:3954} INFO - Setting next_dagrun for upload_location_data to 2024-12-23 05:50:00+00:00, run_after=2024-12-23 05:52:00+00:00
[2024-12-23T05:51:58.369+0000] {processor.py:183} INFO - Processing /opt/airflow/dags/dag_get_current_location.py took 0.972 seconds
[2024-12-23T05:52:28.457+0000] {processor.py:161} INFO - Started process (PID=39663) to work on /opt/airflow/dags/dag_get_current_location.py
[2024-12-23T05:52:28.459+0000] {processor.py:830} INFO - Processing file /opt/airflow/dags/dag_get_current_location.py for tasks to queue
[2024-12-23T05:52:28.461+0000] {logging_mixin.py:188} INFO - [2024-12-23T05:52:28.460+0000] {dagbag.py:545} INFO - Filling up the DagBag from /opt/airflow/dags/dag_get_current_location.py
[2024-12-23T05:52:29.316+0000] {processor.py:840} INFO - DAG(s) 'upload_location_data' retrieved from /opt/airflow/dags/dag_get_current_location.py
[2024-12-23T05:52:29.334+0000] {logging_mixin.py:188} INFO - [2024-12-23T05:52:29.333+0000] {dag.py:3096} INFO - Sync 1 DAGs
[2024-12-23T05:52:29.357+0000] {logging_mixin.py:188} INFO - [2024-12-23T05:52:29.356+0000] {dag.py:3954} INFO - Setting next_dagrun for upload_location_data to 2024-12-23 05:52:00+00:00, run_after=2024-12-23 05:54:00+00:00
[2024-12-23T05:52:29.377+0000] {processor.py:183} INFO - Processing /opt/airflow/dags/dag_get_current_location.py took 0.928 seconds
[2024-12-23T05:52:59.829+0000] {processor.py:161} INFO - Started process (PID=39730) to work on /opt/airflow/dags/dag_get_current_location.py
[2024-12-23T05:52:59.830+0000] {processor.py:830} INFO - Processing file /opt/airflow/dags/dag_get_current_location.py for tasks to queue
[2024-12-23T05:52:59.832+0000] {logging_mixin.py:188} INFO - [2024-12-23T05:52:59.832+0000] {dagbag.py:545} INFO - Filling up the DagBag from /opt/airflow/dags/dag_get_current_location.py
[2024-12-23T05:53:00.695+0000] {processor.py:840} INFO - DAG(s) 'upload_location_data' retrieved from /opt/airflow/dags/dag_get_current_location.py
[2024-12-23T05:53:00.713+0000] {logging_mixin.py:188} INFO - [2024-12-23T05:53:00.712+0000] {dag.py:3096} INFO - Sync 1 DAGs
[2024-12-23T05:53:00.736+0000] {logging_mixin.py:188} INFO - [2024-12-23T05:53:00.735+0000] {dag.py:3954} INFO - Setting next_dagrun for upload_location_data to 2024-12-23 05:52:00+00:00, run_after=2024-12-23 05:54:00+00:00
[2024-12-23T05:53:00.753+0000] {processor.py:183} INFO - Processing /opt/airflow/dags/dag_get_current_location.py took 0.932 seconds
[2024-12-23T05:53:30.860+0000] {processor.py:161} INFO - Started process (PID=39794) to work on /opt/airflow/dags/dag_get_current_location.py
[2024-12-23T05:53:30.861+0000] {processor.py:830} INFO - Processing file /opt/airflow/dags/dag_get_current_location.py for tasks to queue
[2024-12-23T05:53:30.863+0000] {logging_mixin.py:188} INFO - [2024-12-23T05:53:30.863+0000] {dagbag.py:545} INFO - Filling up the DagBag from /opt/airflow/dags/dag_get_current_location.py
[2024-12-23T05:53:31.729+0000] {processor.py:840} INFO - DAG(s) 'upload_location_data' retrieved from /opt/airflow/dags/dag_get_current_location.py
[2024-12-23T05:53:31.747+0000] {logging_mixin.py:188} INFO - [2024-12-23T05:53:31.747+0000] {dag.py:3096} INFO - Sync 1 DAGs
[2024-12-23T05:53:31.770+0000] {logging_mixin.py:188} INFO - [2024-12-23T05:53:31.770+0000] {dag.py:3954} INFO - Setting next_dagrun for upload_location_data to 2024-12-23 05:52:00+00:00, run_after=2024-12-23 05:54:00+00:00
[2024-12-23T05:53:31.790+0000] {processor.py:183} INFO - Processing /opt/airflow/dags/dag_get_current_location.py took 0.938 seconds
[2024-12-23T05:54:02.196+0000] {processor.py:161} INFO - Started process (PID=39855) to work on /opt/airflow/dags/dag_get_current_location.py
[2024-12-23T05:54:02.198+0000] {processor.py:830} INFO - Processing file /opt/airflow/dags/dag_get_current_location.py for tasks to queue
[2024-12-23T05:54:02.200+0000] {logging_mixin.py:188} INFO - [2024-12-23T05:54:02.200+0000] {dagbag.py:545} INFO - Filling up the DagBag from /opt/airflow/dags/dag_get_current_location.py
[2024-12-23T05:54:03.078+0000] {processor.py:840} INFO - DAG(s) 'upload_location_data' retrieved from /opt/airflow/dags/dag_get_current_location.py
[2024-12-23T05:54:03.099+0000] {logging_mixin.py:188} INFO - [2024-12-23T05:54:03.098+0000] {dag.py:3096} INFO - Sync 1 DAGs
[2024-12-23T05:54:03.122+0000] {logging_mixin.py:188} INFO - [2024-12-23T05:54:03.122+0000] {dag.py:3954} INFO - Setting next_dagrun for upload_location_data to 2024-12-23 05:52:00+00:00, run_after=2024-12-23 05:54:00+00:00
[2024-12-23T05:54:03.141+0000] {processor.py:183} INFO - Processing /opt/airflow/dags/dag_get_current_location.py took 0.953 seconds
[2024-12-23T05:54:33.853+0000] {processor.py:161} INFO - Started process (PID=39916) to work on /opt/airflow/dags/dag_get_current_location.py
[2024-12-23T05:54:33.855+0000] {processor.py:830} INFO - Processing file /opt/airflow/dags/dag_get_current_location.py for tasks to queue
[2024-12-23T05:54:33.858+0000] {logging_mixin.py:188} INFO - [2024-12-23T05:54:33.857+0000] {dagbag.py:545} INFO - Filling up the DagBag from /opt/airflow/dags/dag_get_current_location.py
[2024-12-23T05:54:34.785+0000] {processor.py:840} INFO - DAG(s) 'upload_location_data' retrieved from /opt/airflow/dags/dag_get_current_location.py
[2024-12-23T05:54:34.803+0000] {logging_mixin.py:188} INFO - [2024-12-23T05:54:34.803+0000] {dag.py:3096} INFO - Sync 1 DAGs
[2024-12-23T05:54:34.826+0000] {logging_mixin.py:188} INFO - [2024-12-23T05:54:34.826+0000] {dag.py:3954} INFO - Setting next_dagrun for upload_location_data to 2024-12-23 05:52:00+00:00, run_after=2024-12-23 05:54:00+00:00
[2024-12-23T05:54:34.844+0000] {processor.py:183} INFO - Processing /opt/airflow/dags/dag_get_current_location.py took 0.998 seconds
[2024-12-23T05:55:05.042+0000] {processor.py:161} INFO - Started process (PID=39981) to work on /opt/airflow/dags/dag_get_current_location.py
[2024-12-23T05:55:05.043+0000] {processor.py:830} INFO - Processing file /opt/airflow/dags/dag_get_current_location.py for tasks to queue
[2024-12-23T05:55:05.046+0000] {logging_mixin.py:188} INFO - [2024-12-23T05:55:05.045+0000] {dagbag.py:545} INFO - Filling up the DagBag from /opt/airflow/dags/dag_get_current_location.py
[2024-12-23T05:55:05.978+0000] {processor.py:840} INFO - DAG(s) 'upload_location_data' retrieved from /opt/airflow/dags/dag_get_current_location.py
[2024-12-23T05:55:05.998+0000] {logging_mixin.py:188} INFO - [2024-12-23T05:55:05.997+0000] {dag.py:3096} INFO - Sync 1 DAGs
[2024-12-23T05:55:06.025+0000] {logging_mixin.py:188} INFO - [2024-12-23T05:55:06.025+0000] {dag.py:3954} INFO - Setting next_dagrun for upload_location_data to 2024-12-23 05:52:00+00:00, run_after=2024-12-23 05:54:00+00:00
[2024-12-23T05:55:06.046+0000] {processor.py:183} INFO - Processing /opt/airflow/dags/dag_get_current_location.py took 1.017 seconds
[2024-12-23T05:55:36.647+0000] {processor.py:161} INFO - Started process (PID=40042) to work on /opt/airflow/dags/dag_get_current_location.py
[2024-12-23T05:55:36.649+0000] {processor.py:830} INFO - Processing file /opt/airflow/dags/dag_get_current_location.py for tasks to queue
[2024-12-23T05:55:36.654+0000] {logging_mixin.py:188} INFO - [2024-12-23T05:55:36.654+0000] {dagbag.py:545} INFO - Filling up the DagBag from /opt/airflow/dags/dag_get_current_location.py
[2024-12-23T05:55:37.632+0000] {processor.py:840} INFO - DAG(s) 'upload_location_data' retrieved from /opt/airflow/dags/dag_get_current_location.py
[2024-12-23T05:55:37.652+0000] {logging_mixin.py:188} INFO - [2024-12-23T05:55:37.651+0000] {dag.py:3096} INFO - Sync 1 DAGs
[2024-12-23T05:55:37.677+0000] {logging_mixin.py:188} INFO - [2024-12-23T05:55:37.677+0000] {dag.py:3954} INFO - Setting next_dagrun for upload_location_data to 2024-12-23 05:52:00+00:00, run_after=2024-12-23 05:54:00+00:00
[2024-12-23T05:55:37.696+0000] {processor.py:183} INFO - Processing /opt/airflow/dags/dag_get_current_location.py took 1.066 seconds
[2024-12-23T05:55:58.328+0000] {processor.py:161} INFO - Started process (PID=40082) to work on /opt/airflow/dags/dag_get_current_location.py
[2024-12-23T05:55:58.333+0000] {processor.py:830} INFO - Processing file /opt/airflow/dags/dag_get_current_location.py for tasks to queue
[2024-12-23T05:55:58.339+0000] {logging_mixin.py:188} INFO - [2024-12-23T05:55:58.339+0000] {dagbag.py:545} INFO - Filling up the DagBag from /opt/airflow/dags/dag_get_current_location.py
[2024-12-23T05:55:59.536+0000] {processor.py:840} INFO - DAG(s) 'upload_location_data' retrieved from /opt/airflow/dags/dag_get_current_location.py
[2024-12-23T05:55:59.582+0000] {logging_mixin.py:188} INFO - [2024-12-23T05:55:59.582+0000] {dag.py:3096} INFO - Sync 1 DAGs
[2024-12-23T05:55:59.627+0000] {logging_mixin.py:188} INFO - [2024-12-23T05:55:59.625+0000] {dag.py:3954} INFO - Setting next_dagrun for upload_location_data to 2024-12-23 05:52:00+00:00, run_after=2024-12-23 05:54:00+00:00
[2024-12-23T05:55:59.656+0000] {processor.py:183} INFO - Processing /opt/airflow/dags/dag_get_current_location.py took 1.342 seconds
[2024-12-23T05:56:29.713+0000] {processor.py:161} INFO - Started process (PID=40150) to work on /opt/airflow/dags/dag_get_current_location.py
[2024-12-23T05:56:29.714+0000] {processor.py:830} INFO - Processing file /opt/airflow/dags/dag_get_current_location.py for tasks to queue
[2024-12-23T05:56:29.717+0000] {logging_mixin.py:188} INFO - [2024-12-23T05:56:29.716+0000] {dagbag.py:545} INFO - Filling up the DagBag from /opt/airflow/dags/dag_get_current_location.py
[2024-12-23T05:56:30.591+0000] {processor.py:840} INFO - DAG(s) 'upload_location_data' retrieved from /opt/airflow/dags/dag_get_current_location.py
[2024-12-23T05:56:30.609+0000] {logging_mixin.py:188} INFO - [2024-12-23T05:56:30.608+0000] {dag.py:3096} INFO - Sync 1 DAGs
[2024-12-23T05:56:30.630+0000] {logging_mixin.py:188} INFO - [2024-12-23T05:56:30.630+0000] {dag.py:3954} INFO - Setting next_dagrun for upload_location_data to 2024-12-23 05:54:00+00:00, run_after=2024-12-23 05:56:00+00:00
[2024-12-23T05:56:30.647+0000] {processor.py:183} INFO - Processing /opt/airflow/dags/dag_get_current_location.py took 0.941 seconds
