[2024-12-23T05:44:02.655+0000] {local_task_job_runner.py:120} INFO - ::group::Pre task execution logs
[2024-12-23T05:44:02.682+0000] {taskinstance.py:2076} INFO - Dependencies all met for dep_context=non-requeueable deps ti=<TaskInstance: upload_location_data.fetch_and_process_data scheduled__2024-12-23T05:42:00+00:00 [queued]>
[2024-12-23T05:44:02.691+0000] {taskinstance.py:2076} INFO - Dependencies all met for dep_context=requeueable deps ti=<TaskInstance: upload_location_data.fetch_and_process_data scheduled__2024-12-23T05:42:00+00:00 [queued]>
[2024-12-23T05:44:02.691+0000] {taskinstance.py:2306} INFO - Starting attempt 1 of 2
[2024-12-23T05:44:02.711+0000] {taskinstance.py:2330} INFO - Executing <Task(PythonOperator): fetch_and_process_data> on 2024-12-23 05:42:00+00:00
[2024-12-23T05:44:02.738+0000] {warnings.py:110} WARNING - /home/***/.local/lib/python3.12/site-packages/***/task/task_runner/standard_task_runner.py:61: DeprecationWarning: This process (pid=4207) is multi-threaded, use of fork() may lead to deadlocks in the child.
  pid = os.fork()

[2024-12-23T05:44:02.740+0000] {standard_task_runner.py:63} INFO - Started process 4209 to run task
[2024-12-23T05:44:02.742+0000] {standard_task_runner.py:90} INFO - Running: ['***', 'tasks', 'run', 'upload_location_data', 'fetch_and_process_data', 'scheduled__2024-12-23T05:42:00+00:00', '--job-id', '9', '--raw', '--subdir', 'DAGS_FOLDER/dag_get_current_location.py', '--cfg-path', '/tmp/tmpnh97fz_5']
[2024-12-23T05:44:02.748+0000] {standard_task_runner.py:91} INFO - Job 9: Subtask fetch_and_process_data
[2024-12-23T05:44:02.818+0000] {task_command.py:426} INFO - Running <TaskInstance: upload_location_data.fetch_and_process_data scheduled__2024-12-23T05:42:00+00:00 [running]> on host d64a5d849547
[2024-12-23T05:44:02.925+0000] {taskinstance.py:2648} INFO - Exporting env vars: AIRFLOW_CTX_DAG_OWNER='***' AIRFLOW_CTX_DAG_ID='upload_location_data' AIRFLOW_CTX_TASK_ID='fetch_and_process_data' AIRFLOW_CTX_EXECUTION_DATE='2024-12-23T05:42:00+00:00' AIRFLOW_CTX_TRY_NUMBER='1' AIRFLOW_CTX_DAG_RUN_ID='scheduled__2024-12-23T05:42:00+00:00'
[2024-12-23T05:44:02.927+0000] {taskinstance.py:430} INFO - ::endgroup::
[2024-12-23T05:44:04.691+0000] {python.py:237} INFO - Done. Returned value was:       icao24  callsign  ... position_source            createAt
0     4b1816  SWR1PM    ...               0 2024-12-23 05:44:00
1     4b1818  SWR237    ...               0 2024-12-23 05:44:00
2     80162a  IGO7304   ...               0 2024-12-23 05:44:00
3     88044a  AIQ513    ...               0 2024-12-23 05:44:00
4     aa56da  UAL2480   ...               0 2024-12-23 05:44:00
...      ...       ...  ...             ...                 ...
4794  a0c7b3  ABX3151   ...               0 2024-12-23 05:44:00
4795  7c4807  OIH       ...               0 2024-12-23 05:44:00
4796  0ac9c3  AVA023    ...               0 2024-12-23 05:44:00
4797  a41b89  DAL825    ...               0 2024-12-23 05:44:00
4798  c00734  WJA598    ...               0 2024-12-23 05:44:00

[4799 rows x 18 columns]
[2024-12-23T05:44:04.798+0000] {taskinstance.py:441} INFO - ::group::Post task execution logs
[2024-12-23T05:44:04.911+0000] {taskinstance.py:1206} INFO - Marking task as SUCCESS. dag_id=upload_location_data, task_id=fetch_and_process_data, run_id=scheduled__2024-12-23T05:42:00+00:00, execution_date=20241223T054200, start_date=20241223T054402, end_date=20241223T054404
[2024-12-23T05:44:04.954+0000] {local_task_job_runner.py:240} INFO - Task exited with return code 0
[2024-12-23T05:44:04.979+0000] {taskinstance.py:3498} INFO - 1 downstream tasks scheduled from follow-on schedule check
[2024-12-23T05:44:04.981+0000] {local_task_job_runner.py:222} INFO - ::endgroup::
